2015-08-29 10:54:34  [ http-bio-8080-exec-9:0 ] - [ DEBUG ]  enter login_do action successfully!
2015-08-29 10:58:02  [ http-bio-8080-exec-11:0 ] - [ DEBUG ]  enter login_do action...
2015-08-29 10:58:02  [ http-bio-8080-exec-11:6 ] - [ DEBUG ]  before verifyUser...
2015-08-29 10:58:02  [ http-bio-8080-exec-11:686 ] - [ DEBUG ]  before queryUserInfo...
2015-08-29 10:58:03  [ http-bio-8080-exec-11:1030 ] - [ DEBUG ]  fail to queryUserInfo from database!
2015-08-29 10:58:10  [ http-bio-8080-exec-11:8390 ] - [ DEBUG ]  enter login_do action...
2015-08-29 10:58:10  [ http-bio-8080-exec-11:8391 ] - [ DEBUG ]  before verifyUser...
2015-08-29 10:58:10  [ http-bio-8080-exec-11:8696 ] - [ DEBUG ]  before queryUserInfo...
2015-08-29 10:58:11  [ http-bio-8080-exec-11:9053 ] - [ DEBUG ]  after queryUserInfo
2015-08-29 10:58:58  [ http-bio-8080-exec-9:56644 ] - [ DEBUG ]  enter login_do action...
2015-08-29 10:58:58  [ http-bio-8080-exec-9:56645 ] - [ DEBUG ]  before verifyUser...
2015-08-29 10:58:59  [ http-bio-8080-exec-9:57096 ] - [ DEBUG ]  before queryUserInfo...
2015-08-29 10:58:59  [ http-bio-8080-exec-9:57505 ] - [ DEBUG ]  fail to queryUserInfo from database!
2015-08-29 11:07:46  [ http-bio-8080-exec-6:0 ] - [ DEBUG ]  enter login_do action...
2015-08-29 11:07:46  [ http-bio-8080-exec-6:8 ] - [ DEBUG ]  before verifyUser...
2015-08-29 11:07:54  [ http-bio-8080-exec-7:7800 ] - [ DEBUG ]  enter login_do action...
2015-08-29 11:07:54  [ http-bio-8080-exec-7:7801 ] - [ DEBUG ]  before verifyUser...
2015-08-29 11:07:54  [ http-bio-8080-exec-7:8103 ] - [ DEBUG ]  before queryUserInfo...
2015-08-29 11:07:54  [ http-bio-8080-exec-7:8454 ] - [ DEBUG ]  after queryUserInfo
2015-08-29 11:08:39  [ http-bio-8080-exec-7:53092 ] - [ DEBUG ]  enter login_do action...
2015-08-29 11:08:39  [ http-bio-8080-exec-7:53092 ] - [ DEBUG ]  before verifyUser...
2015-08-29 11:08:46  [ http-bio-8080-exec-7:60084 ] - [ DEBUG ]  enter login_do action...
2015-08-29 11:08:46  [ http-bio-8080-exec-7:60084 ] - [ DEBUG ]  before verifyUser...
2015-08-29 11:08:46  [ http-bio-8080-exec-7:60403 ] - [ DEBUG ]  before queryUserInfo...
2015-08-29 11:08:47  [ http-bio-8080-exec-7:60759 ] - [ DEBUG ]  after queryUserInfo
2015-08-29 11:10:00  [ http-bio-8080-exec-4:0 ] - [ DEBUG ]  enter login_do action...
2015-08-29 11:10:00  [ http-bio-8080-exec-4:7 ] - [ DEBUG ]  before verifyUser...
2015-08-29 11:12:45  [ http-bio-8080-exec-4:0 ] - [ DEBUG ]  enter login_do action...
2015-08-29 11:12:45  [ http-bio-8080-exec-4:16 ] - [ DEBUG ]  before verifyUser...
2015-08-29 11:12:51  [ http-bio-8080-exec-4:6281 ] - [ DEBUG ]  enter login_do action...
2015-08-29 11:12:51  [ http-bio-8080-exec-4:6281 ] - [ DEBUG ]  before verifyUser...
2015-08-29 11:12:52  [ http-bio-8080-exec-4:6626 ] - [ DEBUG ]  before queryUserInfo...
2015-08-29 11:12:52  [ http-bio-8080-exec-4:6989 ] - [ DEBUG ]  after queryUserInfo
2015-08-29 11:20:56  [ servlet.Login_do:(Login_do.java:69) ] - [ DEBUG ]  enter login_do action...
2015-08-29 11:20:56  [ servlet.Login_do:(Login_do.java:72) ] - [ DEBUG ]  before verifyUser...
2015-08-29 11:20:57  [ servlet.Login_do:(Login_do.java:101) ] - [ DEBUG ]  no such user...
